<?xml version="1.0" encoding="UTF-8"?>
<!-- Generated by org.testng.reporters.JUnitReportReporter -->
<testsuite hostname="offliner" failures="0" tests="1" name="testCases.FileUploadMethod2" time="9.325" errors="0" timestamp="19 Jan 2021 19:52:16 GMT">
  <testcase classname="testCases.FileUploadMethod2" name="robotTest" time="9.325"/>
</testsuite> <!-- testCases.FileUploadMethod2 -->
